# JRE version: Java(TM) SE Runtime Environment (8.0_25-b18) (build 1.8.0_25-b18)
# Java VM: Java HotSpot(TM) 64-Bit Server VM (25.25-b02 mixed mode windows-amd64 compressed oops)
Heap:
 PSYoungGen      total 455168K, used 12975K [0x000000076b380000, 0x0000000788c00000, 0x00000007c0000000)
  eden space 440832K, 0% used [0x000000076b380000,0x000000076b380000,0x0000000786200000)
  from space 14336K, 90% used [0x0000000787e00000,0x0000000788aabf40,0x0000000788c00000)
  to   space 21504K, 0% used [0x0000000786200000,0x0000000786200000,0x0000000787700000)
 ParOldGen       total 87040K, used 18581K [0x00000006c1a00000, 0x00000006c6f00000, 0x000000076b380000)
  object space 87040K, 21% used [0x00000006c1a00000,0x00000006c2c25720,0x00000006c6f00000)
 Metaspace       used 34573K, capacity 35926K, committed 36048K, reserved 1081344K
  class space    used 4473K, capacity 4717K, committed 4732K, reserved 1048576K
GC Heap History (10 events):
Event: 1.481 GC heap before
{Heap before GC invocations=2 (full 0):
 PSYoungGen      total 76288K, used 74752K [0x000000076b380000, 0x0000000774880000, 0x00000007c0000000)
  eden space 65536K, 100% used [0x000000076b380000,0x000000076f380000,0x000000076f380000)
  from space 10752K, 85% used [0x000000076f380000,0x000000076fc801f8,0x000000076fe00000)
  to   space 10752K, 0% used [0x0000000773e00000,0x0000000773e00000,0x0000000774880000)
 ParOldGen       total 175104K, used 16K [0x00000006c1a00000, 0x00000006cc500000, 0x000000076b380000)
  object space 175104K, 0% used [0x00000006c1a00000,0x00000006c1a04000,0x00000006cc500000)
 Metaspace       used 18642K, capacity 19192K, committed 19456K, reserved 1067008K
  class space    used 2377K, capacity 2513K, committed 2560K, reserved 1048576K
Event: 1.490 GC heap after
Heap after GC invocations=2 (full 0):
 PSYoungGen      total 141824K, used 9905K [0x000000076b380000, 0x0000000774880000, 0x00000007c0000000)
  eden space 131072K, 0% used [0x000000076b380000,0x000000076b380000,0x0000000773380000)
  from space 10752K, 92% used [0x0000000773e00000,0x00000007747ac748,0x0000000774880000)
  to   space 10752K, 0% used [0x0000000773380000,0x0000000773380000,0x0000000773e00000)
 ParOldGen       total 175104K, used 24K [0x00000006c1a00000, 0x00000006cc500000, 0x000000076b380000)
  object space 175104K, 0% used [0x00000006c1a00000,0x00000006c1a06000,0x00000006cc500000)
 Metaspace       used 18642K, capacity 19192K, committed 19456K, reserved 1067008K
  class space    used 2377K, capacity 2513K, committed 2560K, reserved 1048576K
}
Event: 1.625 GC heap before
{Heap before GC invocations=3 (full 0):
 PSYoungGen      total 141824K, used 34109K [0x000000076b380000, 0x0000000774880000, 0x00000007c0000000)
  eden space 131072K, 18% used [0x000000076b380000,0x000000076cb23090,0x0000000773380000)
  from space 10752K, 92% used [0x0000000773e00000,0x00000007747ac748,0x0000000774880000)
  to   space 10752K, 0% used [0x0000000773380000,0x0000000773380000,0x0000000773e00000)
 ParOldGen       total 175104K, used 24K [0x00000006c1a00000, 0x00000006cc500000, 0x000000076b380000)
  object space 175104K, 0% used [0x00000006c1a00000,0x00000006c1a06000,0x00000006cc500000)
 Metaspace       used 20528K, capacity 21172K, committed 21504K, reserved 1069056K
  class space    used 2640K, capacity 2769K, committed 2816K, reserved 1048576K
Event: 1.638 GC heap after
Heap after GC invocations=3 (full 0):
 PSYoungGen      total 141824K, used 6972K [0x000000076b380000, 0x000000077c880000, 0x00000007c0000000)
  eden space 131072K, 0% used [0x000000076b380000,0x000000076b380000,0x0000000773380000)
  from space 10752K, 64% used [0x0000000773380000,0x0000000773a4f0b0,0x0000000773e00000)
  to   space 10752K, 0% used [0x000000077be00000,0x000000077be00000,0x000000077c880000)
 ParOldGen       total 175104K, used 32K [0x00000006c1a00000, 0x00000006cc500000, 0x000000076b380000)
  object space 175104K, 0% used [0x00000006c1a00000,0x00000006c1a08000,0x00000006cc500000)
 Metaspace       used 20528K, capacity 21172K, committed 21504K, reserved 1069056K
  class space    used 2640K, capacity 2769K, committed 2816K, reserved 1048576K
}
Event: 1.661 GC heap before
{Heap before GC invocations=4 (full 0):
 PSYoungGen      total 141824K, used 9864K [0x000000076b380000, 0x000000077c880000, 0x00000007c0000000)
  eden space 131072K, 2% used [0x000000076b380000,0x000000076b652f90,0x0000000773380000)
  from space 10752K, 64% used [0x0000000773380000,0x0000000773a4f0b0,0x0000000773e00000)
  to   space 10752K, 0% used [0x000000077be00000,0x000000077be00000,0x000000077c880000)
 ParOldGen       total 175104K, used 32K [0x00000006c1a00000, 0x00000006cc500000, 0x000000076b380000)
  object space 175104K, 0% used [0x00000006c1a00000,0x00000006c1a08000,0x00000006cc500000)
 Metaspace       used 20881K, capacity 21428K, committed 21628K, reserved 1069056K
  class space    used 2685K, capacity 2833K, committed 2940K, reserved 1048576K
Event: 1.667 GC heap after
Heap after GC invocations=4 (full 0):
 PSYoungGen      total 272896K, used 5070K [0x000000076b380000, 0x000000077c880000, 0x00000007c0000000)
  eden space 262144K, 0% used [0x000000076b380000,0x000000076b380000,0x000000077b380000)
  from space 10752K, 47% used [0x000000077be00000,0x000000077c2f3938,0x000000077c880000)
  to   space 10752K, 0% used [0x000000077b380000,0x000000077b380000,0x000000077be00000)
 ParOldGen       total 175104K, used 40K [0x00000006c1a00000, 0x00000006cc500000, 0x000000076b380000)
  object space 175104K, 0% used [0x00000006c1a00000,0x00000006c1a0a000,0x00000006cc500000)
 Metaspace       used 20881K, capacity 21428K, committed 21628K, reserved 1069056K
  class space    used 2685K, capacity 2833K, committed 2940K, reserved 1048576K
}
Event: 1.667 GC heap before
{Heap before GC invocations=5 (full 1):
 PSYoungGen      total 272896K, used 5070K [0x000000076b380000, 0x000000077c880000, 0x00000007c0000000)
  eden space 262144K, 0% used [0x000000076b380000,0x000000076b380000,0x000000077b380000)
  from space 10752K, 47% used [0x000000077be00000,0x000000077c2f3938,0x000000077c880000)
  to   space 10752K, 0% used [0x000000077b380000,0x000000077b380000,0x000000077be00000)
 ParOldGen       total 175104K, used 40K [0x00000006c1a00000, 0x00000006cc500000, 0x000000076b380000)
  object space 175104K, 0% used [0x00000006c1a00000,0x00000006c1a0a000,0x00000006cc500000)
 Metaspace       used 20881K, capacity 21428K, committed 21628K, reserved 1069056K
  class space    used 2685K, capacity 2833K, committed 2940K, reserved 1048576K
Event: 1.710 GC heap after
Heap after GC invocations=5 (full 1):
 PSYoungGen      total 272896K, used 0K [0x000000076b380000, 0x000000077c880000, 0x00000007c0000000)
  eden space 262144K, 0% used [0x000000076b380000,0x000000076b380000,0x000000077b380000)
  from space 10752K, 0% used [0x000000077be00000,0x000000077be00000,0x000000077c880000)
  to   space 10752K, 0% used [0x000000077b380000,0x000000077b380000,0x000000077be00000)
 ParOldGen       total 87040K, used 4960K [0x00000006c1a00000, 0x00000006c6f00000, 0x000000076b380000)
  object space 87040K, 5% used [0x00000006c1a00000,0x00000006c1ed82d0,0x00000006c6f00000)
 Metaspace       used 20879K, capacity 21426K, committed 21628K, reserved 1069056K
  class space    used 2684K, capacity 2832K, committed 2940K, reserved 1048576K
}
Event: 3.776 GC heap before
{Heap before GC invocations=6 (full 1):
 PSYoungGen      total 272896K, used 262144K [0x000000076b380000, 0x000000077c880000, 0x00000007c0000000)
  eden space 262144K, 100% used [0x000000076b380000,0x000000077b380000,0x000000077b380000)
  from space 10752K, 0% used [0x000000077be00000,0x000000077be00000,0x000000077c880000)
  to   space 10752K, 0% used [0x000000077b380000,0x000000077b380000,0x000000077be00000)
 ParOldGen       total 87040K, used 4960K [0x00000006c1a00000, 0x00000006c6f00000, 0x000000076b380000)
  object space 87040K, 5% used [0x00000006c1a00000,0x00000006c1ed82d0,0x00000006c6f00000)
 Metaspace       used 33334K, capacity 34646K, committed 34812K, reserved 1079296K
  class space    used 4283K, capacity 4513K, committed 4604K, reserved 1048576K
Event: 3.791 GC heap after
Heap after GC invocations=6 (full 1):
 PSYoungGen      total 272896K, used 10723K [0x000000076b380000, 0x0000000789380000, 0x00000007c0000000)
  eden space 262144K, 0% used [0x000000076b380000,0x000000076b380000,0x000000077b380000)
  from space 10752K, 99% used [0x000000077b380000,0x000000077bdf8f88,0x000000077be00000)
  to   space 22016K, 0% used [0x0000000787e00000,0x0000000787e00000,0x0000000789380000)
 ParOldGen       total 87040K, used 18573K [0x00000006c1a00000, 0x00000006c6f00000, 0x000000076b380000)
  object space 87040K, 21% used [0x00000006c1a00000,0x00000006c2c23720,0x00000006c6f00000)
 Metaspace       used 33334K, capacity 34646K, committed 34812K, reserved 1079296K
  class space    used 4283K, capacity 4513K, committed 4604K, reserved 1048576K
}

